(0.000) 
            SELECT name, type FROM sqlite_master
            WHERE type in ('table', 'view') AND NOT name='sqlite_sequence'
            ORDER BY name; args=None; alias=default
(0.000) 
            SELECT name, type FROM sqlite_master
            WHERE type in ('table', 'view') AND NOT name='sqlite_sequence'
            ORDER BY name; args=None; alias=default
(0.000) 
            SELECT name, type FROM sqlite_master
            WHERE type in ('table', 'view') AND NOT name='sqlite_sequence'
            ORDER BY name; args=None; alias=default
(0.000) 
            SELECT name, type FROM sqlite_master
            WHERE type in ('table', 'view') AND NOT name='sqlite_sequence'
            ORDER BY name; args=None; alias=default
(0.000) PRAGMA foreign_keys = OFF; args=None; alias=default
(0.000) PRAGMA foreign_keys; args=None; alias=default
(0.000) BEGIN; args=None; alias=default
CREATE TABLE "django_migrations" ("id" integer NOT NULL PRIMARY KEY AUTOINCREMENT, "app" varchar(255) NOT NULL, "name" varchar(255) NOT NULL, "applied" datetime NOT NULL); (params None)
(0.016) CREATE TABLE "django_migrations" ("id" integer NOT NULL PRIMARY KEY AUTOINCREMENT, "app" varchar(255) NOT NULL, "name" varchar(255) NOT NULL, "applied" datetime NOT NULL); args=None; alias=default
(0.000) PRAGMA foreign_key_check; args=None; alias=default
(0.000) COMMIT; args=None; alias=default
(0.000) PRAGMA foreign_keys = ON; args=None; alias=default
(0.000) PRAGMA foreign_keys = OFF; args=None; alias=default
(0.000) PRAGMA foreign_keys; args=None; alias=default
(0.000) BEGIN; args=None; alias=default
CREATE TABLE "django_content_type" ("id" integer NOT NULL PRIMARY KEY AUTOINCREMENT, "name" varchar(100) NOT NULL, "app_label" varchar(100) NOT NULL, "model" varchar(100) NOT NULL); (params None)
(0.000) CREATE TABLE "django_content_type" ("id" integer NOT NULL PRIMARY KEY AUTOINCREMENT, "name" varchar(100) NOT NULL, "app_label" varchar(100) NOT NULL, "model" varchar(100) NOT NULL); args=None; alias=default
CREATE UNIQUE INDEX "django_content_type_app_label_model_76bd3d3b_uniq" ON "django_content_type" ("app_label", "model"); (params ())
(0.000) CREATE UNIQUE INDEX "django_content_type_app_label_model_76bd3d3b_uniq" ON "django_content_type" ("app_label", "model"); args=(); alias=default
(0.000) 
            SELECT name, type FROM sqlite_master
            WHERE type in ('table', 'view') AND NOT name='sqlite_sequence'
            ORDER BY name; args=None; alias=default
(0.000) INSERT INTO "django_migrations" ("app", "name", "applied") VALUES ('contenttypes', '0001_initial', '2025-01-04 12:44:31.986775') RETURNING "django_migrations"."id"; args=('contenttypes', '0001_initial', '2025-01-04 12:44:31.986775'); alias=default
(0.000) PRAGMA foreign_key_check; args=None; alias=default
(0.000) COMMIT; args=None; alias=default
(0.000) PRAGMA foreign_keys = ON; args=None; alias=default
(0.000) PRAGMA foreign_keys = OFF; args=None; alias=default
(0.000) PRAGMA foreign_keys; args=None; alias=default
(0.000) BEGIN; args=None; alias=default
CREATE TABLE "auth_permission" ("id" integer NOT NULL PRIMARY KEY AUTOINCREMENT, "name" varchar(50) NOT NULL, "content_type_id" integer NOT NULL REFERENCES "django_content_type" ("id") DEFERRABLE INITIALLY DEFERRED, "codename" varchar(100) NOT NULL); (params None)
(0.000) CREATE TABLE "auth_permission" ("id" integer NOT NULL PRIMARY KEY AUTOINCREMENT, "name" varchar(50) NOT NULL, "content_type_id" integer NOT NULL REFERENCES "django_content_type" ("id") DEFERRABLE INITIALLY DEFERRED, "codename" varchar(100) NOT NULL); args=None; alias=default
CREATE TABLE "auth_group" ("id" integer NOT NULL PRIMARY KEY AUTOINCREMENT, "name" varchar(80) NOT NULL UNIQUE); (params None)
(0.000) CREATE TABLE "auth_group" ("id" integer NOT NULL PRIMARY KEY AUTOINCREMENT, "name" varchar(80) NOT NULL UNIQUE); args=None; alias=default
CREATE TABLE "auth_group_permissions" ("id" integer NOT NULL PRIMARY KEY AUTOINCREMENT, "group_id" integer NOT NULL REFERENCES "auth_group" ("id") DEFERRABLE INITIALLY DEFERRED, "permission_id" integer NOT NULL REFERENCES "auth_permission" ("id") DEFERRABLE INITIALLY DEFERRED); (params None)
(0.000) CREATE TABLE "auth_group_permissions" ("id" integer NOT NULL PRIMARY KEY AUTOINCREMENT, "group_id" integer NOT NULL REFERENCES "auth_group" ("id") DEFERRABLE INITIALLY DEFERRED, "permission_id" integer NOT NULL REFERENCES "auth_permission" ("id") DEFERRABLE INITIALLY DEFERRED); args=None; alias=default
CREATE TABLE "auth_user" ("id" integer NOT NULL PRIMARY KEY AUTOINCREMENT, "password" varchar(128) NOT NULL, "last_login" datetime NOT NULL, "is_superuser" bool NOT NULL, "username" varchar(30) NOT NULL UNIQUE, "first_name" varchar(30) NOT NULL, "last_name" varchar(30) NOT NULL, "email" varchar(75) NOT NULL, "is_staff" bool NOT NULL, "is_active" bool NOT NULL, "date_joined" datetime NOT NULL); (params None)
(0.000) CREATE TABLE "auth_user" ("id" integer NOT NULL PRIMARY KEY AUTOINCREMENT, "password" varchar(128) NOT NULL, "last_login" datetime NOT NULL, "is_superuser" bool NOT NULL, "username" varchar(30) NOT NULL UNIQUE, "first_name" varchar(30) NOT NULL, "last_name" varchar(30) NOT NULL, "email" varchar(75) NOT NULL, "is_staff" bool NOT NULL, "is_active" bool NOT NULL, "date_joined" datetime NOT NULL); args=None; alias=default
CREATE TABLE "auth_user_groups" ("id" integer NOT NULL PRIMARY KEY AUTOINCREMENT, "user_id" integer NOT NULL REFERENCES "auth_user" ("id") DEFERRABLE INITIALLY DEFERRED, "group_id" integer NOT NULL REFERENCES "auth_group" ("id") DEFERRABLE INITIALLY DEFERRED); (params None)
(0.000) CREATE TABLE "auth_user_groups" ("id" integer NOT NULL PRIMARY KEY AUTOINCREMENT, "user_id" integer NOT NULL REFERENCES "auth_user" ("id") DEFERRABLE INITIALLY DEFERRED, "group_id" integer NOT NULL REFERENCES "auth_group" ("id") DEFERRABLE INITIALLY DEFERRED); args=None; alias=default
CREATE TABLE "auth_user_user_permissions" ("id" integer NOT NULL PRIMARY KEY AUTOINCREMENT, "user_id" integer NOT NULL REFERENCES "auth_user" ("id") DEFERRABLE INITIALLY DEFERRED, "permission_id" integer NOT NULL REFERENCES "auth_permission" ("id") DEFERRABLE INITIALLY DEFERRED); (params None)
(0.000) CREATE TABLE "auth_user_user_permissions" ("id" integer NOT NULL PRIMARY KEY AUTOINCREMENT, "user_id" integer NOT NULL REFERENCES "auth_user" ("id") DEFERRABLE INITIALLY DEFERRED, "permission_id" integer NOT NULL REFERENCES "auth_permission" ("id") DEFERRABLE INITIALLY DEFERRED); args=None; alias=default
(0.000) PRAGMA foreign_key_check; args=None; alias=default
CREATE UNIQUE INDEX "auth_permission_content_type_id_codename_01ab375a_uniq" ON "auth_permission" ("content_type_id", "codename"); (params None)
(0.000) CREATE UNIQUE INDEX "auth_permission_content_type_id_codename_01ab375a_uniq" ON "auth_permission" ("content_type_id", "codename"); args=None; alias=default
CREATE INDEX "auth_permission_content_type_id_2f476e4b" ON "auth_permission" ("content_type_id"); (params None)
(0.000) CREATE INDEX "auth_permission_content_type_id_2f476e4b" ON "auth_permission" ("content_type_id"); args=None; alias=default
CREATE UNIQUE INDEX "auth_group_permissions_group_id_permission_id_0cd325b0_uniq" ON "auth_group_permissions" ("group_id", "permission_id"); (params None)
(0.000) CREATE UNIQUE INDEX "auth_group_permissions_group_id_permission_id_0cd325b0_uniq" ON "auth_group_permissions" ("group_id", "permission_id"); args=None; alias=default
CREATE INDEX "auth_group_permissions_group_id_b120cbf9" ON "auth_group_permissions" ("group_id"); (params None)
(0.000) CREATE INDEX "auth_group_permissions_group_id_b120cbf9" ON "auth_group_permissions" ("group_id"); args=None; alias=default
CREATE INDEX "auth_group_permissions_permission_id_84c5c92e" ON "auth_group_permissions" ("permission_id"); (params None)
(0.000) CREATE INDEX "auth_group_permissions_permission_id_84c5c92e" ON "auth_group_permissions" ("permission_id"); args=None; alias=default
CREATE UNIQUE INDEX "auth_user_groups_user_id_group_id_94350c0c_uniq" ON "auth_user_groups" ("user_id", "group_id"); (params None)
(0.000) CREATE UNIQUE INDEX "auth_user_groups_user_id_group_id_94350c0c_uniq" ON "auth_user_groups" ("user_id", "group_id"); args=None; alias=default
CREATE INDEX "auth_user_groups_user_id_6a12ed8b" ON "auth_user_groups" ("user_id"); (params None)
(0.000) CREATE INDEX "auth_user_groups_user_id_6a12ed8b" ON "auth_user_groups" ("user_id"); args=None; alias=default
CREATE INDEX "auth_user_groups_group_id_97559544" ON "auth_user_groups" ("group_id"); (params None)
(0.000) CREATE INDEX "auth_user_groups_group_id_97559544" ON "auth_user_groups" ("group_id"); args=None; alias=default
CREATE UNIQUE INDEX "auth_user_user_permissions_user_id_permission_id_14a6b632_uniq" ON "auth_user_user_permissions" ("user_id", "permission_id"); (params None)
(0.000) CREATE UNIQUE INDEX "auth_user_user_permissions_user_id_permission_id_14a6b632_uniq" ON "auth_user_user_permissions" ("user_id", "permission_id"); args=None; alias=default
CREATE INDEX "auth_user_user_permissions_user_id_a95ead1b" ON "auth_user_user_permissions" ("user_id"); (params None)
(0.000) CREATE INDEX "auth_user_user_permissions_user_id_a95ead1b" ON "auth_user_user_permissions" ("user_id"); args=None; alias=default
CREATE INDEX "auth_user_user_permissions_permission_id_1fbb5f2c" ON "auth_user_user_permissions" ("permission_id"); (params None)
(0.000) CREATE INDEX "auth_user_user_permissions_permission_id_1fbb5f2c" ON "auth_user_user_permissions" ("permission_id"); args=None; alias=default
(0.000) COMMIT; args=None; alias=default
(0.000) PRAGMA foreign_keys = ON; args=None; alias=default
(0.000) INSERT INTO "django_migrations" ("app", "name", "applied") VALUES ('auth', '0001_initial', '2025-01-04 12:44:32.014227') RETURNING "django_migrations"."id"; args=('auth', '0001_initial', '2025-01-04 12:44:32.014227'); alias=default
(0.000) PRAGMA foreign_keys = OFF; args=None; alias=default
(0.000) PRAGMA foreign_keys; args=None; alias=default
(0.000) BEGIN; args=None; alias=default
CREATE TABLE "django_admin_log" ("id" integer NOT NULL PRIMARY KEY AUTOINCREMENT, "action_time" datetime NOT NULL, "object_id" text NULL, "object_repr" varchar(200) NOT NULL, "action_flag" smallint unsigned NOT NULL CHECK ("action_flag" >= 0), "change_message" text NOT NULL, "content_type_id" integer NULL REFERENCES "django_content_type" ("id") DEFERRABLE INITIALLY DEFERRED, "user_id" integer NOT NULL REFERENCES "auth_user" ("id") DEFERRABLE INITIALLY DEFERRED); (params None)
(0.000) CREATE TABLE "django_admin_log" ("id" integer NOT NULL PRIMARY KEY AUTOINCREMENT, "action_time" datetime NOT NULL, "object_id" text NULL, "object_repr" varchar(200) NOT NULL, "action_flag" smallint unsigned NOT NULL CHECK ("action_flag" >= 0), "change_message" text NOT NULL, "content_type_id" integer NULL REFERENCES "django_content_type" ("id") DEFERRABLE INITIALLY DEFERRED, "user_id" integer NOT NULL REFERENCES "auth_user" ("id") DEFERRABLE INITIALLY DEFERRED); args=None; alias=default
(0.000) PRAGMA foreign_key_check; args=None; alias=default
CREATE INDEX "django_admin_log_content_type_id_c4bce8eb" ON "django_admin_log" ("content_type_id"); (params None)
(0.000) CREATE INDEX "django_admin_log_content_type_id_c4bce8eb" ON "django_admin_log" ("content_type_id"); args=None; alias=default
CREATE INDEX "django_admin_log_user_id_c564eba6" ON "django_admin_log" ("user_id"); (params None)
(0.000) CREATE INDEX "django_admin_log_user_id_c564eba6" ON "django_admin_log" ("user_id"); args=None; alias=default
(0.000) COMMIT; args=None; alias=default
(0.000) PRAGMA foreign_keys = ON; args=None; alias=default
(0.000) INSERT INTO "django_migrations" ("app", "name", "applied") VALUES ('admin', '0001_initial', '2025-01-04 12:44:32.038168') RETURNING "django_migrations"."id"; args=('admin', '0001_initial', '2025-01-04 12:44:32.038168'); alias=default
(0.000) PRAGMA foreign_keys = OFF; args=None; alias=default
(0.000) PRAGMA foreign_keys; args=None; alias=default
(0.000) BEGIN; args=None; alias=default
CREATE TABLE "new__django_admin_log" ("id" integer NOT NULL PRIMARY KEY AUTOINCREMENT, "object_id" text NULL, "object_repr" varchar(200) NOT NULL, "action_flag" smallint unsigned NOT NULL CHECK ("action_flag" >= 0), "change_message" text NOT NULL, "content_type_id" integer NULL REFERENCES "django_content_type" ("id") DEFERRABLE INITIALLY DEFERRED, "user_id" integer NOT NULL REFERENCES "auth_user" ("id") DEFERRABLE INITIALLY DEFERRED, "action_time" datetime NOT NULL); (params None)
(0.000) CREATE TABLE "new__django_admin_log" ("id" integer NOT NULL PRIMARY KEY AUTOINCREMENT, "object_id" text NULL, "object_repr" varchar(200) NOT NULL, "action_flag" smallint unsigned NOT NULL CHECK ("action_flag" >= 0), "change_message" text NOT NULL, "content_type_id" integer NULL REFERENCES "django_content_type" ("id") DEFERRABLE INITIALLY DEFERRED, "user_id" integer NOT NULL REFERENCES "auth_user" ("id") DEFERRABLE INITIALLY DEFERRED, "action_time" datetime NOT NULL); args=None; alias=default
INSERT INTO "new__django_admin_log" ("id", "object_id", "object_repr", "action_flag", "change_message", "content_type_id", "user_id", "action_time") SELECT "id", "object_id", "object_repr", "action_flag", "change_message", "content_type_id", "user_id", "action_time" FROM "django_admin_log"; (params ())
(0.000) INSERT INTO "new__django_admin_log" ("id", "object_id", "object_repr", "action_flag", "change_message", "content_type_id", "user_id", "action_time") SELECT "id", "object_id", "object_repr", "action_flag", "change_message", "content_type_id", "user_id", "action_time" FROM "django_admin_log"; args=(); alias=default
DROP TABLE "django_admin_log"; (params ())
(0.000) DROP TABLE "django_admin_log"; args=(); alias=default
ALTER TABLE "new__django_admin_log" RENAME TO "django_admin_log"; (params ())
(0.000) ALTER TABLE "new__django_admin_log" RENAME TO "django_admin_log"; args=(); alias=default
CREATE INDEX "django_admin_log_content_type_id_c4bce8eb" ON "django_admin_log" ("content_type_id"); (params ())
(0.000) CREATE INDEX "django_admin_log_content_type_id_c4bce8eb" ON "django_admin_log" ("content_type_id"); args=(); alias=default
CREATE INDEX "django_admin_log_user_id_c564eba6" ON "django_admin_log" ("user_id"); (params ())
(0.000) CREATE INDEX "django_admin_log_user_id_c564eba6" ON "django_admin_log" ("user_id"); args=(); alias=default
(0.000) INSERT INTO "django_migrations" ("app", "name", "applied") VALUES ('admin', '0002_logentry_remove_auto_add', '2025-01-04 12:44:32.054550') RETURNING "django_migrations"."id"; args=('admin', '0002_logentry_remove_auto_add', '2025-01-04 12:44:32.054550'); alias=default
(0.000) PRAGMA foreign_key_check; args=None; alias=default
(0.015) COMMIT; args=None; alias=default
(0.000) PRAGMA foreign_keys = ON; args=None; alias=default
(0.000) PRAGMA foreign_keys = OFF; args=None; alias=default
(0.000) PRAGMA foreign_keys; args=None; alias=default
(0.000) BEGIN; args=None; alias=default
(0.000) INSERT INTO "django_migrations" ("app", "name", "applied") VALUES ('admin', '0003_logentry_add_action_flag_choices', '2025-01-04 12:44:32.066148') RETURNING "django_migrations"."id"; args=('admin', '0003_logentry_add_action_flag_choices', '2025-01-04 12:44:32.066148'); alias=default
(0.000) PRAGMA foreign_key_check; args=None; alias=default
(0.000) COMMIT; args=None; alias=default
(0.000) PRAGMA foreign_keys = ON; args=None; alias=default
(0.000) PRAGMA foreign_keys = OFF; args=None; alias=default
(0.000) PRAGMA foreign_keys; args=None; alias=default
(0.000) BEGIN; args=None; alias=default
CREATE TABLE "new__django_content_type" ("id" integer NOT NULL PRIMARY KEY AUTOINCREMENT, "app_label" varchar(100) NOT NULL, "model" varchar(100) NOT NULL, "name" varchar(100) NULL); (params None)
(0.000) CREATE TABLE "new__django_content_type" ("id" integer NOT NULL PRIMARY KEY AUTOINCREMENT, "app_label" varchar(100) NOT NULL, "model" varchar(100) NOT NULL, "name" varchar(100) NULL); args=None; alias=default
INSERT INTO "new__django_content_type" ("id", "app_label", "model", "name") SELECT "id", "app_label", "model", "name" FROM "django_content_type"; (params ())
(0.000) INSERT INTO "new__django_content_type" ("id", "app_label", "model", "name") SELECT "id", "app_label", "model", "name" FROM "django_content_type"; args=(); alias=default
DROP TABLE "django_content_type"; (params ())
(0.000) DROP TABLE "django_content_type"; args=(); alias=default
ALTER TABLE "new__django_content_type" RENAME TO "django_content_type"; (params ())
(0.000) ALTER TABLE "new__django_content_type" RENAME TO "django_content_type"; args=(); alias=default
CREATE UNIQUE INDEX "django_content_type_app_label_model_76bd3d3b_uniq" ON "django_content_type" ("app_label", "model"); (params ())
(0.000) CREATE UNIQUE INDEX "django_content_type_app_label_model_76bd3d3b_uniq" ON "django_content_type" ("app_label", "model"); args=(); alias=default
ALTER TABLE "django_content_type" DROP COLUMN "name"; (params ())
(0.000) ALTER TABLE "django_content_type" DROP COLUMN "name"; args=(); alias=default
(0.000) INSERT INTO "django_migrations" ("app", "name", "applied") VALUES ('contenttypes', '0002_remove_content_type_name', '2025-01-04 12:44:32.089680') RETURNING "django_migrations"."id"; args=('contenttypes', '0002_remove_content_type_name', '2025-01-04 12:44:32.089680'); alias=default
(0.000) PRAGMA foreign_key_check; args=None; alias=default
(0.016) COMMIT; args=None; alias=default
(0.000) PRAGMA foreign_keys = ON; args=None; alias=default
(0.000) PRAGMA foreign_keys = OFF; args=None; alias=default
(0.000) PRAGMA foreign_keys; args=None; alias=default
(0.000) BEGIN; args=None; alias=default
CREATE TABLE "new__auth_permission" ("id" integer NOT NULL PRIMARY KEY AUTOINCREMENT, "content_type_id" integer NOT NULL REFERENCES "django_content_type" ("id") DEFERRABLE INITIALLY DEFERRED, "codename" varchar(100) NOT NULL, "name" varchar(255) NOT NULL); (params None)
(0.000) CREATE TABLE "new__auth_permission" ("id" integer NOT NULL PRIMARY KEY AUTOINCREMENT, "content_type_id" integer NOT NULL REFERENCES "django_content_type" ("id") DEFERRABLE INITIALLY DEFERRED, "codename" varchar(100) NOT NULL, "name" varchar(255) NOT NULL); args=None; alias=default
INSERT INTO "new__auth_permission" ("id", "content_type_id", "codename", "name") SELECT "id", "content_type_id", "codename", "name" FROM "auth_permission"; (params ())
(0.000) INSERT INTO "new__auth_permission" ("id", "content_type_id", "codename", "name") SELECT "id", "content_type_id", "codename", "name" FROM "auth_permission"; args=(); alias=default
DROP TABLE "auth_permission"; (params ())
(0.000) DROP TABLE "auth_permission"; args=(); alias=default
ALTER TABLE "new__auth_permission" RENAME TO "auth_permission"; (params ())
(0.000) ALTER TABLE "new__auth_permission" RENAME TO "auth_permission"; args=(); alias=default
CREATE UNIQUE INDEX "auth_permission_content_type_id_codename_01ab375a_uniq" ON "auth_permission" ("content_type_id", "codename"); (params ())
(0.000) CREATE UNIQUE INDEX "auth_permission_content_type_id_codename_01ab375a_uniq" ON "auth_permission" ("content_type_id", "codename"); args=(); alias=default
CREATE INDEX "auth_permission_content_type_id_2f476e4b" ON "auth_permission" ("content_type_id"); (params ())
(0.000) CREATE INDEX "auth_permission_content_type_id_2f476e4b" ON "auth_permission" ("content_type_id"); args=(); alias=default
(0.000) INSERT INTO "django_migrations" ("app", "name", "applied") VALUES ('auth', '0002_alter_permission_name_max_length', '2025-01-04 12:44:32.106959') RETURNING "django_migrations"."id"; args=('auth', '0002_alter_permission_name_max_length', '2025-01-04 12:44:32.106959'); alias=default
(0.000) PRAGMA foreign_key_check; args=None; alias=default
(0.015) COMMIT; args=None; alias=default
(0.000) PRAGMA foreign_keys = ON; args=None; alias=default
(0.000) PRAGMA foreign_keys = OFF; args=None; alias=default
(0.000) PRAGMA foreign_keys; args=None; alias=default
(0.000) BEGIN; args=None; alias=default
CREATE TABLE "new__auth_user" ("id" integer NOT NULL PRIMARY KEY AUTOINCREMENT, "password" varchar(128) NOT NULL, "last_login" datetime NOT NULL, "is_superuser" bool NOT NULL, "username" varchar(30) NOT NULL UNIQUE, "first_name" varchar(30) NOT NULL, "last_name" varchar(30) NOT NULL, "is_staff" bool NOT NULL, "is_active" bool NOT NULL, "date_joined" datetime NOT NULL, "email" varchar(254) NOT NULL); (params None)
(0.000) CREATE TABLE "new__auth_user" ("id" integer NOT NULL PRIMARY KEY AUTOINCREMENT, "password" varchar(128) NOT NULL, "last_login" datetime NOT NULL, "is_superuser" bool NOT NULL, "username" varchar(30) NOT NULL UNIQUE, "first_name" varchar(30) NOT NULL, "last_name" varchar(30) NOT NULL, "is_staff" bool NOT NULL, "is_active" bool NOT NULL, "date_joined" datetime NOT NULL, "email" varchar(254) NOT NULL); args=None; alias=default
INSERT INTO "new__auth_user" ("id", "password", "last_login", "is_superuser", "username", "first_name", "last_name", "is_staff", "is_active", "date_joined", "email") SELECT "id", "password", "last_login", "is_superuser", "username", "first_name", "last_name", "is_staff", "is_active", "date_joined", "email" FROM "auth_user"; (params ())
(0.000) INSERT INTO "new__auth_user" ("id", "password", "last_login", "is_superuser", "username", "first_name", "last_name", "is_staff", "is_active", "date_joined", "email") SELECT "id", "password", "last_login", "is_superuser", "username", "first_name", "last_name", "is_staff", "is_active", "date_joined", "email" FROM "auth_user"; args=(); alias=default
DROP TABLE "auth_user"; (params ())
(0.000) DROP TABLE "auth_user"; args=(); alias=default
ALTER TABLE "new__auth_user" RENAME TO "auth_user"; (params ())
(0.000) ALTER TABLE "new__auth_user" RENAME TO "auth_user"; args=(); alias=default
(0.016) INSERT INTO "django_migrations" ("app", "name", "applied") VALUES ('auth', '0003_alter_user_email_max_length', '2025-01-04 12:44:32.122800') RETURNING "django_migrations"."id"; args=('auth', '0003_alter_user_email_max_length', '2025-01-04 12:44:32.122800'); alias=default
(0.000) PRAGMA foreign_key_check; args=None; alias=default
(0.000) COMMIT; args=None; alias=default
(0.000) PRAGMA foreign_keys = ON; args=None; alias=default
(0.000) PRAGMA foreign_keys = OFF; args=None; alias=default
(0.000) PRAGMA foreign_keys; args=None; alias=default
(0.000) BEGIN; args=None; alias=default
(0.000) INSERT INTO "django_migrations" ("app", "name", "applied") VALUES ('auth', '0004_alter_user_username_opts', '2025-01-04 12:44:32.134845') RETURNING "django_migrations"."id"; args=('auth', '0004_alter_user_username_opts', '2025-01-04 12:44:32.134845'); alias=default
(0.000) PRAGMA foreign_key_check; args=None; alias=default
(0.015) COMMIT; args=None; alias=default
(0.000) PRAGMA foreign_keys = ON; args=None; alias=default
(0.000) PRAGMA foreign_keys = OFF; args=None; alias=default
(0.000) PRAGMA foreign_keys; args=None; alias=default
(0.000) BEGIN; args=None; alias=default
CREATE TABLE "new__auth_user" ("id" integer NOT NULL PRIMARY KEY AUTOINCREMENT, "password" varchar(128) NOT NULL, "is_superuser" bool NOT NULL, "username" varchar(30) NOT NULL UNIQUE, "first_name" varchar(30) NOT NULL, "last_name" varchar(30) NOT NULL, "email" varchar(254) NOT NULL, "is_staff" bool NOT NULL, "is_active" bool NOT NULL, "date_joined" datetime NOT NULL, "last_login" datetime NULL); (params None)
(0.000) CREATE TABLE "new__auth_user" ("id" integer NOT NULL PRIMARY KEY AUTOINCREMENT, "password" varchar(128) NOT NULL, "is_superuser" bool NOT NULL, "username" varchar(30) NOT NULL UNIQUE, "first_name" varchar(30) NOT NULL, "last_name" varchar(30) NOT NULL, "email" varchar(254) NOT NULL, "is_staff" bool NOT NULL, "is_active" bool NOT NULL, "date_joined" datetime NOT NULL, "last_login" datetime NULL); args=None; alias=default
INSERT INTO "new__auth_user" ("id", "password", "is_superuser", "username", "first_name", "last_name", "email", "is_staff", "is_active", "date_joined", "last_login") SELECT "id", "password", "is_superuser", "username", "first_name", "last_name", "email", "is_staff", "is_active", "date_joined", "last_login" FROM "auth_user"; (params ())
(0.000) INSERT INTO "new__auth_user" ("id", "password", "is_superuser", "username", "first_name", "last_name", "email", "is_staff", "is_active", "date_joined", "last_login") SELECT "id", "password", "is_superuser", "username", "first_name", "last_name", "email", "is_staff", "is_active", "date_joined", "last_login" FROM "auth_user"; args=(); alias=default
DROP TABLE "auth_user"; (params ())
(0.000) DROP TABLE "auth_user"; args=(); alias=default
ALTER TABLE "new__auth_user" RENAME TO "auth_user"; (params ())
(0.000) ALTER TABLE "new__auth_user" RENAME TO "auth_user"; args=(); alias=default
(0.000) INSERT INTO "django_migrations" ("app", "name", "applied") VALUES ('auth', '0005_alter_user_last_login_null', '2025-01-04 12:44:32.154281') RETURNING "django_migrations"."id"; args=('auth', '0005_alter_user_last_login_null', '2025-01-04 12:44:32.154281'); alias=default
(0.000) PRAGMA foreign_key_check; args=None; alias=default
(0.016) COMMIT; args=None; alias=default
(0.000) PRAGMA foreign_keys = ON; args=None; alias=default
(0.000) PRAGMA foreign_keys = OFF; args=None; alias=default
(0.000) PRAGMA foreign_keys; args=None; alias=default
(0.000) BEGIN; args=None; alias=default
(0.000) INSERT INTO "django_migrations" ("app", "name", "applied") VALUES ('auth', '0006_require_contenttypes_0002', '2025-01-04 12:44:32.161880') RETURNING "django_migrations"."id"; args=('auth', '0006_require_contenttypes_0002', '2025-01-04 12:44:32.161880'); alias=default
(0.000) PRAGMA foreign_key_check; args=None; alias=default
(0.016) COMMIT; args=None; alias=default
(0.000) PRAGMA foreign_keys = ON; args=None; alias=default
(0.000) PRAGMA foreign_keys = OFF; args=None; alias=default
(0.000) PRAGMA foreign_keys; args=None; alias=default
(0.000) BEGIN; args=None; alias=default
(0.000) INSERT INTO "django_migrations" ("app", "name", "applied") VALUES ('auth', '0007_alter_validators_add_error_messages', '2025-01-04 12:44:32.174896') RETURNING "django_migrations"."id"; args=('auth', '0007_alter_validators_add_error_messages', '2025-01-04 12:44:32.174896'); alias=default
(0.000) PRAGMA foreign_key_check; args=None; alias=default
(0.000) COMMIT; args=None; alias=default
(0.000) PRAGMA foreign_keys = ON; args=None; alias=default
(0.000) PRAGMA foreign_keys = OFF; args=None; alias=default
(0.000) PRAGMA foreign_keys; args=None; alias=default
(0.000) BEGIN; args=None; alias=default
CREATE TABLE "new__auth_user" ("id" integer NOT NULL PRIMARY KEY AUTOINCREMENT, "password" varchar(128) NOT NULL, "last_login" datetime NULL, "is_superuser" bool NOT NULL, "first_name" varchar(30) NOT NULL, "last_name" varchar(30) NOT NULL, "email" varchar(254) NOT NULL, "is_staff" bool NOT NULL, "is_active" bool NOT NULL, "date_joined" datetime NOT NULL, "username" varchar(150) NOT NULL UNIQUE); (params None)
(0.000) CREATE TABLE "new__auth_user" ("id" integer NOT NULL PRIMARY KEY AUTOINCREMENT, "password" varchar(128) NOT NULL, "last_login" datetime NULL, "is_superuser" bool NOT NULL, "first_name" varchar(30) NOT NULL, "last_name" varchar(30) NOT NULL, "email" varchar(254) NOT NULL, "is_staff" bool NOT NULL, "is_active" bool NOT NULL, "date_joined" datetime NOT NULL, "username" varchar(150) NOT NULL UNIQUE); args=None; alias=default
INSERT INTO "new__auth_user" ("id", "password", "last_login", "is_superuser", "first_name", "last_name", "email", "is_staff", "is_active", "date_joined", "username") SELECT "id", "password", "last_login", "is_superuser", "first_name", "last_name", "email", "is_staff", "is_active", "date_joined", "username" FROM "auth_user"; (params ())
(0.000) INSERT INTO "new__auth_user" ("id", "password", "last_login", "is_superuser", "first_name", "last_name", "email", "is_staff", "is_active", "date_joined", "username") SELECT "id", "password", "last_login", "is_superuser", "first_name", "last_name", "email", "is_staff", "is_active", "date_joined", "username" FROM "auth_user"; args=(); alias=default
DROP TABLE "auth_user"; (params ())
(0.000) DROP TABLE "auth_user"; args=(); alias=default
ALTER TABLE "new__auth_user" RENAME TO "auth_user"; (params ())
(0.000) ALTER TABLE "new__auth_user" RENAME TO "auth_user"; args=(); alias=default
(0.000) INSERT INTO "django_migrations" ("app", "name", "applied") VALUES ('auth', '0008_alter_user_username_max_length', '2025-01-04 12:44:32.192288') RETURNING "django_migrations"."id"; args=('auth', '0008_alter_user_username_max_length', '2025-01-04 12:44:32.192288'); alias=default
(0.000) PRAGMA foreign_key_check; args=None; alias=default
(0.000) COMMIT; args=None; alias=default
(0.000) PRAGMA foreign_keys = ON; args=None; alias=default
(0.000) PRAGMA foreign_keys = OFF; args=None; alias=default
(0.000) PRAGMA foreign_keys; args=None; alias=default
(0.000) BEGIN; args=None; alias=default
CREATE TABLE "new__auth_user" ("id" integer NOT NULL PRIMARY KEY AUTOINCREMENT, "password" varchar(128) NOT NULL, "last_login" datetime NULL, "is_superuser" bool NOT NULL, "username" varchar(150) NOT NULL UNIQUE, "first_name" varchar(30) NOT NULL, "email" varchar(254) NOT NULL, "is_staff" bool NOT NULL, "is_active" bool NOT NULL, "date_joined" datetime NOT NULL, "last_name" varchar(150) NOT NULL); (params None)
(0.000) CREATE TABLE "new__auth_user" ("id" integer NOT NULL PRIMARY KEY AUTOINCREMENT, "password" varchar(128) NOT NULL, "last_login" datetime NULL, "is_superuser" bool NOT NULL, "username" varchar(150) NOT NULL UNIQUE, "first_name" varchar(30) NOT NULL, "email" varchar(254) NOT NULL, "is_staff" bool NOT NULL, "is_active" bool NOT NULL, "date_joined" datetime NOT NULL, "last_name" varchar(150) NOT NULL); args=None; alias=default
INSERT INTO "new__auth_user" ("id", "password", "last_login", "is_superuser", "username", "first_name", "email", "is_staff", "is_active", "date_joined", "last_name") SELECT "id", "password", "last_login", "is_superuser", "username", "first_name", "email", "is_staff", "is_active", "date_joined", "last_name" FROM "auth_user"; (params ())
(0.000) INSERT INTO "new__auth_user" ("id", "password", "last_login", "is_superuser", "username", "first_name", "email", "is_staff", "is_active", "date_joined", "last_name") SELECT "id", "password", "last_login", "is_superuser", "username", "first_name", "email", "is_staff", "is_active", "date_joined", "last_name" FROM "auth_user"; args=(); alias=default
DROP TABLE "auth_user"; (params ())
(0.000) DROP TABLE "auth_user"; args=(); alias=default
ALTER TABLE "new__auth_user" RENAME TO "auth_user"; (params ())
(0.000) ALTER TABLE "new__auth_user" RENAME TO "auth_user"; args=(); alias=default
(0.000) INSERT INTO "django_migrations" ("app", "name", "applied") VALUES ('auth', '0009_alter_user_last_name_max_length', '2025-01-04 12:44:32.209111') RETURNING "django_migrations"."id"; args=('auth', '0009_alter_user_last_name_max_length', '2025-01-04 12:44:32.209111'); alias=default
(0.000) PRAGMA foreign_key_check; args=None; alias=default
(0.000) COMMIT; args=None; alias=default
(0.000) PRAGMA foreign_keys = ON; args=None; alias=default
(0.000) PRAGMA foreign_keys = OFF; args=None; alias=default
(0.000) PRAGMA foreign_keys; args=None; alias=default
(0.000) BEGIN; args=None; alias=default
CREATE TABLE "new__auth_group" ("id" integer NOT NULL PRIMARY KEY AUTOINCREMENT, "name" varchar(150) NOT NULL UNIQUE); (params None)
(0.000) CREATE TABLE "new__auth_group" ("id" integer NOT NULL PRIMARY KEY AUTOINCREMENT, "name" varchar(150) NOT NULL UNIQUE); args=None; alias=default
INSERT INTO "new__auth_group" ("id", "name") SELECT "id", "name" FROM "auth_group"; (params ())
(0.000) INSERT INTO "new__auth_group" ("id", "name") SELECT "id", "name" FROM "auth_group"; args=(); alias=default
DROP TABLE "auth_group"; (params ())
(0.000) DROP TABLE "auth_group"; args=(); alias=default
ALTER TABLE "new__auth_group" RENAME TO "auth_group"; (params ())
(0.000) ALTER TABLE "new__auth_group" RENAME TO "auth_group"; args=(); alias=default
(0.000) INSERT INTO "django_migrations" ("app", "name", "applied") VALUES ('auth', '0010_alter_group_name_max_length', '2025-01-04 12:44:32.224580') RETURNING "django_migrations"."id"; args=('auth', '0010_alter_group_name_max_length', '2025-01-04 12:44:32.224580'); alias=default
(0.000) PRAGMA foreign_key_check; args=None; alias=default
(0.000) COMMIT; args=None; alias=default
(0.000) PRAGMA foreign_keys = ON; args=None; alias=default
(0.000) PRAGMA foreign_keys = OFF; args=None; alias=default
(0.000) PRAGMA foreign_keys; args=None; alias=default
(0.000) BEGIN; args=None; alias=default
(0.000) INSERT INTO "django_migrations" ("app", "name", "applied") VALUES ('auth', '0011_update_proxy_permissions', '2025-01-04 12:44:32.236422') RETURNING "django_migrations"."id"; args=('auth', '0011_update_proxy_permissions', '2025-01-04 12:44:32.236422'); alias=default
(0.000) PRAGMA foreign_key_check; args=None; alias=default
(0.000) COMMIT; args=None; alias=default
(0.000) PRAGMA foreign_keys = ON; args=None; alias=default
(0.000) PRAGMA foreign_keys = OFF; args=None; alias=default
(0.000) PRAGMA foreign_keys; args=None; alias=default
(0.000) BEGIN; args=None; alias=default
CREATE TABLE "new__auth_user" ("id" integer NOT NULL PRIMARY KEY AUTOINCREMENT, "password" varchar(128) NOT NULL, "last_login" datetime NULL, "is_superuser" bool NOT NULL, "username" varchar(150) NOT NULL UNIQUE, "last_name" varchar(150) NOT NULL, "email" varchar(254) NOT NULL, "is_staff" bool NOT NULL, "is_active" bool NOT NULL, "date_joined" datetime NOT NULL, "first_name" varchar(150) NOT NULL); (params None)
(0.000) CREATE TABLE "new__auth_user" ("id" integer NOT NULL PRIMARY KEY AUTOINCREMENT, "password" varchar(128) NOT NULL, "last_login" datetime NULL, "is_superuser" bool NOT NULL, "username" varchar(150) NOT NULL UNIQUE, "last_name" varchar(150) NOT NULL, "email" varchar(254) NOT NULL, "is_staff" bool NOT NULL, "is_active" bool NOT NULL, "date_joined" datetime NOT NULL, "first_name" varchar(150) NOT NULL); args=None; alias=default
INSERT INTO "new__auth_user" ("id", "password", "last_login", "is_superuser", "username", "last_name", "email", "is_staff", "is_active", "date_joined", "first_name") SELECT "id", "password", "last_login", "is_superuser", "username", "last_name", "email", "is_staff", "is_active", "date_joined", "first_name" FROM "auth_user"; (params ())
(0.000) INSERT INTO "new__auth_user" ("id", "password", "last_login", "is_superuser", "username", "last_name", "email", "is_staff", "is_active", "date_joined", "first_name") SELECT "id", "password", "last_login", "is_superuser", "username", "last_name", "email", "is_staff", "is_active", "date_joined", "first_name" FROM "auth_user"; args=(); alias=default
DROP TABLE "auth_user"; (params ())
(0.000) DROP TABLE "auth_user"; args=(); alias=default
ALTER TABLE "new__auth_user" RENAME TO "auth_user"; (params ())
(0.000) ALTER TABLE "new__auth_user" RENAME TO "auth_user"; args=(); alias=default
(0.000) INSERT INTO "django_migrations" ("app", "name", "applied") VALUES ('auth', '0012_alter_user_first_name_max_length', '2025-01-04 12:44:32.253633') RETURNING "django_migrations"."id"; args=('auth', '0012_alter_user_first_name_max_length', '2025-01-04 12:44:32.253633'); alias=default
(0.000) PRAGMA foreign_key_check; args=None; alias=default
(0.000) COMMIT; args=None; alias=default
(0.000) PRAGMA foreign_keys = ON; args=None; alias=default
(0.000) PRAGMA foreign_keys = OFF; args=None; alias=default
(0.000) PRAGMA foreign_keys; args=None; alias=default
(0.000) BEGIN; args=None; alias=default
CREATE TABLE "pcrmgmtAPP_settings" ("id" integer NOT NULL PRIMARY KEY AUTOINCREMENT, "theme" varchar(20) NOT NULL, "script_interval" integer unsigned NOT NULL CHECK ("script_interval" >= 0), "timespan_days" integer unsigned NOT NULL CHECK ("timespan_days" >= 0), "script_running" bool NOT NULL); (params None)
(0.015) CREATE TABLE "pcrmgmtAPP_settings" ("id" integer NOT NULL PRIMARY KEY AUTOINCREMENT, "theme" varchar(20) NOT NULL, "script_interval" integer unsigned NOT NULL CHECK ("script_interval" >= 0), "timespan_days" integer unsigned NOT NULL CHECK ("timespan_days" >= 0), "script_running" bool NOT NULL); args=None; alias=default
(0.000) INSERT INTO "django_migrations" ("app", "name", "applied") VALUES ('pcrmgmtAPP', '0001_initial', '2025-01-04 12:44:32.265011') RETURNING "django_migrations"."id"; args=('pcrmgmtAPP', '0001_initial', '2025-01-04 12:44:32.265011'); alias=default
(0.000) PRAGMA foreign_key_check; args=None; alias=default
(0.000) COMMIT; args=None; alias=default
(0.000) PRAGMA foreign_keys = ON; args=None; alias=default
(0.000) PRAGMA foreign_keys = OFF; args=None; alias=default
(0.000) PRAGMA foreign_keys; args=None; alias=default
(0.000) BEGIN; args=None; alias=default
CREATE TABLE "new__pcrmgmtAPP_settings" ("id" integer NOT NULL PRIMARY KEY AUTOINCREMENT, "theme" varchar(20) NOT NULL, "timespan_days" integer unsigned NOT NULL CHECK ("timespan_days" >= 0), "script_running" bool NOT NULL, "script_interval" integer unsigned NOT NULL CHECK ("script_interval" >= 0)); (params None)
(0.000) CREATE TABLE "new__pcrmgmtAPP_settings" ("id" integer NOT NULL PRIMARY KEY AUTOINCREMENT, "theme" varchar(20) NOT NULL, "timespan_days" integer unsigned NOT NULL CHECK ("timespan_days" >= 0), "script_running" bool NOT NULL, "script_interval" integer unsigned NOT NULL CHECK ("script_interval" >= 0)); args=None; alias=default
INSERT INTO "new__pcrmgmtAPP_settings" ("id", "theme", "timespan_days", "script_running", "script_interval") SELECT "id", "theme", "timespan_days", "script_running", "script_interval" FROM "pcrmgmtAPP_settings"; (params ())
(0.000) INSERT INTO "new__pcrmgmtAPP_settings" ("id", "theme", "timespan_days", "script_running", "script_interval") SELECT "id", "theme", "timespan_days", "script_running", "script_interval" FROM "pcrmgmtAPP_settings"; args=(); alias=default
DROP TABLE "pcrmgmtAPP_settings"; (params ())
(0.000) DROP TABLE "pcrmgmtAPP_settings"; args=(); alias=default
ALTER TABLE "new__pcrmgmtAPP_settings" RENAME TO "pcrmgmtAPP_settings"; (params ())
(0.000) ALTER TABLE "new__pcrmgmtAPP_settings" RENAME TO "pcrmgmtAPP_settings"; args=(); alias=default
(0.000) INSERT INTO "django_migrations" ("app", "name", "applied") VALUES ('pcrmgmtAPP', '0002_alter_settings_script_interval', '2025-01-04 12:44:32.278015') RETURNING "django_migrations"."id"; args=('pcrmgmtAPP', '0002_alter_settings_script_interval', '2025-01-04 12:44:32.278015'); alias=default
(0.000) PRAGMA foreign_key_check; args=None; alias=default
(0.016) COMMIT; args=None; alias=default
(0.000) PRAGMA foreign_keys = ON; args=None; alias=default
(0.000) PRAGMA foreign_keys = OFF; args=None; alias=default
(0.000) PRAGMA foreign_keys; args=None; alias=default
(0.000) BEGIN; args=None; alias=default
CREATE TABLE "django_session" ("session_key" varchar(40) NOT NULL PRIMARY KEY, "session_data" text NOT NULL, "expire_date" datetime NOT NULL); (params None)
(0.000) CREATE TABLE "django_session" ("session_key" varchar(40) NOT NULL PRIMARY KEY, "session_data" text NOT NULL, "expire_date" datetime NOT NULL); args=None; alias=default
(0.000) PRAGMA foreign_key_check; args=None; alias=default
CREATE INDEX "django_session_expire_date_a5c62663" ON "django_session" ("expire_date"); (params None)
(0.000) CREATE INDEX "django_session_expire_date_a5c62663" ON "django_session" ("expire_date"); args=None; alias=default
(0.000) COMMIT; args=None; alias=default
(0.016) PRAGMA foreign_keys = ON; args=None; alias=default
(0.000) INSERT INTO "django_migrations" ("app", "name", "applied") VALUES ('sessions', '0001_initial', '2025-01-04 12:44:32.296250') RETURNING "django_migrations"."id"; args=('sessions', '0001_initial', '2025-01-04 12:44:32.296250'); alias=default
(0.000) SELECT "django_migrations"."id", "django_migrations"."app", "django_migrations"."name", "django_migrations"."applied" FROM "django_migrations"; args=(); alias=default
(0.000) SELECT "django_content_type"."id", "django_content_type"."app_label", "django_content_type"."model" FROM "django_content_type" WHERE "django_content_type"."app_label" = 'admin'; args=('admin',); alias=default
(0.000) BEGIN; args=None; alias=default
(0.015) INSERT INTO "django_content_type" ("app_label", "model") VALUES ('admin', 'logentry') RETURNING "django_content_type"."id"; args=('admin', 'logentry'); alias=default
(0.000) COMMIT; args=None; alias=default
(0.000) SELECT "django_content_type"."id", "django_content_type"."app_label", "django_content_type"."model" FROM "django_content_type" WHERE ("django_content_type"."app_label" = 'admin' AND "django_content_type"."model" = 'logentry') LIMIT 21; args=('admin', 'logentry'); alias=default
(0.000) SELECT "auth_permission"."content_type_id", "auth_permission"."codename" FROM "auth_permission" INNER JOIN "django_content_type" ON ("auth_permission"."content_type_id" = "django_content_type"."id") WHERE "auth_permission"."content_type_id" IN (1) ORDER BY "django_content_type"."app_label" ASC, "django_content_type"."model" ASC, "auth_permission"."codename" ASC; args=(1,); alias=default
(0.000) BEGIN; args=None; alias=default
(0.000) INSERT INTO "auth_permission" ("name", "content_type_id", "codename") VALUES ('Can add log entry', 1, 'add_logentry'), ('Can change log entry', 1, 'change_logentry'), ('Can delete log entry', 1, 'delete_logentry'), ('Can view log entry', 1, 'view_logentry') RETURNING "auth_permission"."id"; args=('Can add log entry', 1, 'add_logentry', 'Can change log entry', 1, 'change_logentry', 'Can delete log entry', 1, 'delete_logentry', 'Can view log entry', 1, 'view_logentry'); alias=default
(0.016) COMMIT; args=None; alias=default
(0.000) SELECT "django_content_type"."id", "django_content_type"."app_label", "django_content_type"."model" FROM "django_content_type" WHERE "django_content_type"."app_label" = 'admin'; args=('admin',); alias=default
(0.000) SELECT "django_content_type"."id", "django_content_type"."app_label", "django_content_type"."model" FROM "django_content_type" WHERE "django_content_type"."app_label" = 'auth'; args=('auth',); alias=default
(0.000) BEGIN; args=None; alias=default
(0.000) INSERT INTO "django_content_type" ("app_label", "model") VALUES ('auth', 'permission'), ('auth', 'group'), ('auth', 'user') RETURNING "django_content_type"."id"; args=('auth', 'permission', 'auth', 'group', 'auth', 'user'); alias=default
(0.000) COMMIT; args=None; alias=default
(0.000) SELECT "django_content_type"."id", "django_content_type"."app_label", "django_content_type"."model" FROM "django_content_type" WHERE ("django_content_type"."app_label" = 'auth' AND "django_content_type"."model" = 'permission') LIMIT 21; args=('auth', 'permission'); alias=default
(0.000) SELECT "django_content_type"."id", "django_content_type"."app_label", "django_content_type"."model" FROM "django_content_type" WHERE ("django_content_type"."app_label" = 'auth' AND "django_content_type"."model" = 'group') LIMIT 21; args=('auth', 'group'); alias=default
(0.000) SELECT "django_content_type"."id", "django_content_type"."app_label", "django_content_type"."model" FROM "django_content_type" WHERE ("django_content_type"."app_label" = 'auth' AND "django_content_type"."model" = 'user') LIMIT 21; args=('auth', 'user'); alias=default
(0.000) SELECT "auth_permission"."content_type_id", "auth_permission"."codename" FROM "auth_permission" INNER JOIN "django_content_type" ON ("auth_permission"."content_type_id" = "django_content_type"."id") WHERE "auth_permission"."content_type_id" IN (2, 3, 4) ORDER BY "django_content_type"."app_label" ASC, "django_content_type"."model" ASC, "auth_permission"."codename" ASC; args=(2, 3, 4); alias=default
(0.000) BEGIN; args=None; alias=default
(0.000) INSERT INTO "auth_permission" ("name", "content_type_id", "codename") VALUES ('Can add permission', 2, 'add_permission'), ('Can change permission', 2, 'change_permission'), ('Can delete permission', 2, 'delete_permission'), ('Can view permission', 2, 'view_permission'), ('Can add group', 3, 'add_group'), ('Can change group', 3, 'change_group'), ('Can delete group', 3, 'delete_group'), ('Can view group', 3, 'view_group'), ('Can add user', 4, 'add_user'), ('Can change user', 4, 'change_user'), ('Can delete user', 4, 'delete_user'), ('Can view user', 4, 'view_user') RETURNING "auth_permission"."id"; args=('Can add permission', 2, 'add_permission', 'Can change permission', 2, 'change_permission', 'Can delete permission', 2, 'delete_permission', 'Can view permission', 2, 'view_permission', 'Can add group', 3, 'add_group', 'Can change group', 3, 'change_group', 'Can delete group', 3, 'delete_group', 'Can view group', 3, 'view_group', 'Can add user', 4, 'add_user', 'Can change user', 4, 'change_user', 'Can delete user', 4, 'delete_user', 'Can view user', 4, 'view_user'); alias=default
(0.000) COMMIT; args=None; alias=default
(0.000) SELECT "django_content_type"."id", "django_content_type"."app_label", "django_content_type"."model" FROM "django_content_type" WHERE "django_content_type"."app_label" = 'auth'; args=('auth',); alias=default
(0.000) SELECT "django_content_type"."id", "django_content_type"."app_label", "django_content_type"."model" FROM "django_content_type" WHERE "django_content_type"."app_label" = 'contenttypes'; args=('contenttypes',); alias=default
(0.000) BEGIN; args=None; alias=default
(0.000) INSERT INTO "django_content_type" ("app_label", "model") VALUES ('contenttypes', 'contenttype') RETURNING "django_content_type"."id"; args=('contenttypes', 'contenttype'); alias=default
(0.015) COMMIT; args=None; alias=default
(0.000) SELECT "django_content_type"."id", "django_content_type"."app_label", "django_content_type"."model" FROM "django_content_type" WHERE ("django_content_type"."app_label" = 'contenttypes' AND "django_content_type"."model" = 'contenttype') LIMIT 21; args=('contenttypes', 'contenttype'); alias=default
(0.000) SELECT "auth_permission"."content_type_id", "auth_permission"."codename" FROM "auth_permission" INNER JOIN "django_content_type" ON ("auth_permission"."content_type_id" = "django_content_type"."id") WHERE "auth_permission"."content_type_id" IN (5) ORDER BY "django_content_type"."app_label" ASC, "django_content_type"."model" ASC, "auth_permission"."codename" ASC; args=(5,); alias=default
(0.000) BEGIN; args=None; alias=default
(0.000) INSERT INTO "auth_permission" ("name", "content_type_id", "codename") VALUES ('Can add content type', 5, 'add_contenttype'), ('Can change content type', 5, 'change_contenttype'), ('Can delete content type', 5, 'delete_contenttype'), ('Can view content type', 5, 'view_contenttype') RETURNING "auth_permission"."id"; args=('Can add content type', 5, 'add_contenttype', 'Can change content type', 5, 'change_contenttype', 'Can delete content type', 5, 'delete_contenttype', 'Can view content type', 5, 'view_contenttype'); alias=default
(0.000) COMMIT; args=None; alias=default
(0.000) SELECT "django_content_type"."id", "django_content_type"."app_label", "django_content_type"."model" FROM "django_content_type" WHERE "django_content_type"."app_label" = 'contenttypes'; args=('contenttypes',); alias=default
(0.000) SELECT "django_content_type"."id", "django_content_type"."app_label", "django_content_type"."model" FROM "django_content_type" WHERE "django_content_type"."app_label" = 'sessions'; args=('sessions',); alias=default
(0.000) BEGIN; args=None; alias=default
(0.000) INSERT INTO "django_content_type" ("app_label", "model") VALUES ('sessions', 'session') RETURNING "django_content_type"."id"; args=('sessions', 'session'); alias=default
(0.000) COMMIT; args=None; alias=default
(0.000) SELECT "django_content_type"."id", "django_content_type"."app_label", "django_content_type"."model" FROM "django_content_type" WHERE ("django_content_type"."app_label" = 'sessions' AND "django_content_type"."model" = 'session') LIMIT 21; args=('sessions', 'session'); alias=default
(0.000) SELECT "auth_permission"."content_type_id", "auth_permission"."codename" FROM "auth_permission" INNER JOIN "django_content_type" ON ("auth_permission"."content_type_id" = "django_content_type"."id") WHERE "auth_permission"."content_type_id" IN (6) ORDER BY "django_content_type"."app_label" ASC, "django_content_type"."model" ASC, "auth_permission"."codename" ASC; args=(6,); alias=default
(0.000) BEGIN; args=None; alias=default
(0.000) INSERT INTO "auth_permission" ("name", "content_type_id", "codename") VALUES ('Can add session', 6, 'add_session'), ('Can change session', 6, 'change_session'), ('Can delete session', 6, 'delete_session'), ('Can view session', 6, 'view_session') RETURNING "auth_permission"."id"; args=('Can add session', 6, 'add_session', 'Can change session', 6, 'change_session', 'Can delete session', 6, 'delete_session', 'Can view session', 6, 'view_session'); alias=default
(0.015) COMMIT; args=None; alias=default
(0.000) SELECT "django_content_type"."id", "django_content_type"."app_label", "django_content_type"."model" FROM "django_content_type" WHERE "django_content_type"."app_label" = 'sessions'; args=('sessions',); alias=default
(0.000) SELECT "django_content_type"."id", "django_content_type"."app_label", "django_content_type"."model" FROM "django_content_type" WHERE "django_content_type"."app_label" = 'pcrmgmtAPP'; args=('pcrmgmtAPP',); alias=default
(0.000) BEGIN; args=None; alias=default
(0.000) INSERT INTO "django_content_type" ("app_label", "model") VALUES ('pcrmgmtAPP', 'officeaccount'), ('pcrmgmtAPP', 'settings') RETURNING "django_content_type"."id"; args=('pcrmgmtAPP', 'officeaccount', 'pcrmgmtAPP', 'settings'); alias=default
(0.000) COMMIT; args=None; alias=default
(0.000) SELECT "django_content_type"."id", "django_content_type"."app_label", "django_content_type"."model" FROM "django_content_type" WHERE ("django_content_type"."app_label" = 'pcrmgmtAPP' AND "django_content_type"."model" = 'officeaccount') LIMIT 21; args=('pcrmgmtAPP', 'officeaccount'); alias=default
(0.000) SELECT "django_content_type"."id", "django_content_type"."app_label", "django_content_type"."model" FROM "django_content_type" WHERE ("django_content_type"."app_label" = 'pcrmgmtAPP' AND "django_content_type"."model" = 'settings') LIMIT 21; args=('pcrmgmtAPP', 'settings'); alias=default
(0.000) SELECT "auth_permission"."content_type_id", "auth_permission"."codename" FROM "auth_permission" INNER JOIN "django_content_type" ON ("auth_permission"."content_type_id" = "django_content_type"."id") WHERE "auth_permission"."content_type_id" IN (8, 7) ORDER BY "django_content_type"."app_label" ASC, "django_content_type"."model" ASC, "auth_permission"."codename" ASC; args=(8, 7); alias=default
(0.000) BEGIN; args=None; alias=default
(0.000) INSERT INTO "auth_permission" ("name", "content_type_id", "codename") VALUES ('Can add office account', 7, 'add_officeaccount'), ('Can change office account', 7, 'change_officeaccount'), ('Can delete office account', 7, 'delete_officeaccount'), ('Can view office account', 7, 'view_officeaccount'), ('Can add settings', 8, 'add_settings'), ('Can change settings', 8, 'change_settings'), ('Can delete settings', 8, 'delete_settings'), ('Can view settings', 8, 'view_settings') RETURNING "auth_permission"."id"; args=('Can add office account', 7, 'add_officeaccount', 'Can change office account', 7, 'change_officeaccount', 'Can delete office account', 7, 'delete_officeaccount', 'Can view office account', 7, 'view_officeaccount', 'Can add settings', 8, 'add_settings', 'Can change settings', 8, 'change_settings', 'Can delete settings', 8, 'delete_settings', 'Can view settings', 8, 'view_settings'); alias=default
(0.000) COMMIT; args=None; alias=default
(0.000) SELECT "django_content_type"."id", "django_content_type"."app_label", "django_content_type"."model" FROM "django_content_type" WHERE "django_content_type"."app_label" = 'pcrmgmtAPP'; args=('pcrmgmtAPP',); alias=default
