2025-01-20 08:22:45,334 - INFO - === ISL Log Reader Start ===
2025-01-20 08:22:45,756 - INFO - Connected to DB for ISL logs.
2025-01-20 08:22:45,772 - INFO - Database setup completed successfully.
2025-01-20 08:22:45,787 - INFO - Connected to DB for ISL logs.
2025-01-20 08:22:45,803 - INFO - Last session time in DB: 2025-01-16 15:56:34
2025-01-20 08:22:46,088 - INFO - Accessing login page...
2025-01-20 08:22:47,566 - INFO - Submitting login form...
2025-01-20 08:22:47,613 - INFO - Login successful.
2025-01-20 08:22:47,613 - INFO - Fetching sessions from history...
2025-01-20 08:22:47,613 - INFO - Search window (UTC epoch): 1737039394 to 1737357825
2025-01-20 08:22:47,613 - INFO - Search window (UTC datetime): 2025-01-16 15:56:34 to 2025-01-20 07:23:45.803338+00:00
2025-01-20 08:22:48,787 - INFO - Found 17 sessions in history.
2025-01-20 08:22:48,834 - INFO - Processing 17 new or updated sessions...
2025-01-20 08:22:49,626 - INFO - Connected to DB for ISL logs.
2025-01-20 08:22:49,829 - INFO - Session s-1_26_189 exists. Updating (preserve Verrechnet).
2025-01-20 08:22:50,094 - INFO - Session s-1_26_189 updated successfully.
2025-01-20 08:22:50,813 - INFO - Connected to DB for ISL logs.
2025-01-20 08:22:50,876 - INFO - Session s-1_26_190 inserted successfully.
2025-01-20 08:22:51,157 - INFO - Connected to DB for ISL logs.
2025-01-20 08:22:51,172 - INFO - Session s-1_26_191 inserted successfully.
2025-01-20 08:22:51,719 - INFO - Connected to DB for ISL logs.
2025-01-20 08:22:51,719 - INFO - Session s-1_26_192 inserted successfully.
2025-01-20 08:22:51,985 - INFO - Connected to DB for ISL logs.
2025-01-20 08:22:51,985 - INFO - Session s-1_26_193 inserted successfully.
2025-01-20 08:22:52,235 - INFO - Connected to DB for ISL logs.
2025-01-20 08:22:52,235 - INFO - Session s-1_26_194 inserted successfully.
2025-01-20 08:22:52,485 - INFO - Connected to DB for ISL logs.
2025-01-20 08:22:52,548 - INFO - Session s-1_26_195 inserted successfully.
2025-01-20 08:22:52,813 - INFO - Connected to DB for ISL logs.
2025-01-20 08:22:52,813 - INFO - Session s-1_26_196 inserted successfully.
2025-01-20 08:22:53,048 - INFO - Connected to DB for ISL logs.
2025-01-20 08:22:53,063 - INFO - Session s-1_26_197 inserted successfully.
2025-01-20 08:22:53,360 - INFO - Connected to DB for ISL logs.
2025-01-20 08:22:53,376 - INFO - Session s-1_26_198 inserted successfully.
2025-01-20 08:22:53,610 - INFO - Connected to DB for ISL logs.
2025-01-20 08:22:53,610 - INFO - Session s-1_26_199 inserted successfully.
2025-01-20 08:22:53,860 - INFO - Connected to DB for ISL logs.
2025-01-20 08:22:53,860 - INFO - Session s-1_26_200 inserted successfully.
2025-01-20 08:22:54,110 - INFO - Connected to DB for ISL logs.
2025-01-20 08:22:54,110 - INFO - Session s-1_26_201 inserted successfully.
2025-01-20 08:22:54,391 - INFO - Connected to DB for ISL logs.
2025-01-20 08:22:54,391 - INFO - Session s-1_26_202 inserted successfully.
2025-01-20 08:22:54,626 - INFO - Connected to DB for ISL logs.
2025-01-20 08:22:54,626 - INFO - Session s-1_26_203 inserted successfully.
2025-01-20 08:22:54,860 - INFO - Connected to DB for ISL logs.
2025-01-20 08:22:54,860 - INFO - Session s-1_26_204 inserted successfully.
2025-01-20 08:22:55,094 - INFO - Connected to DB for ISL logs.
2025-01-20 08:22:55,094 - INFO - Session s-1_26_205 inserted successfully.
2025-01-20 08:22:55,094 - INFO - Session processing completed successfully.
2025-01-20 08:22:55,094 - INFO - === ISL Log Reader Complete ===
